<?xml version="1.0" encoding="UTF-8"?>
<!-- Generated by org.testng.reporters.JUnitReportReporter -->
<testsuite skipped="0" hostname="INDIA" name="com.Frameworkbasics3.Cva.TestTwoGmail" tests="1" failures="0" timestamp="12 Apr 2018 15:51:02 GMT" time="21.033" errors="0">
  <testcase name="openChromeFB" time="21.033" classname="com.Frameworkbasics3.Cva.TestTwoGmail"/>
</testsuite> <!-- com.Frameworkbasics3.Cva.TestTwoGmail -->
