<?xml version="1.0" encoding="UTF-8"?>
<!-- Generated by org.testng.reporters.JUnitReportReporter -->
<testsuite skipped="0" hostname="INDIA" name="com.Frameworkbasics2.Cva.FirefoxLaunch" tests="1" failures="0" timestamp="12 Apr 2018 09:17:26 GMT" time="13.564" errors="0">
  <testcase name="openFirefoxGmail" time="13.564" classname="com.Frameworkbasics2.Cva.FirefoxLaunch"/>
</testsuite> <!-- com.Frameworkbasics2.Cva.FirefoxLaunch -->
